+----------------------------------------------------+
|  CSCE1040 -- Computer Science II                   |
|  NAME:  Jared Westmoreland      EUID:jhw0094       |
|  EMAIL: JaredWestmoreland@my.unt.edu               |
|  Lab Assignment 4               Spring 2016        |
+----------------------------------------------------+

12345678901234567890123
stratotanker    3  1314 
sentinelnker    1   866 
emergencyker    0   959 
parachuteker    1   957 
throttleeker    3   886 
stabilizerer    1  1081 
rudderizerer    0   646 
refuelingrer    0   961 
wingstrutrer    2  1015 
flightsuitsr    2  1206 
aluminumitsr    0   872 
enginesmitsr    0   745 
jumpseatitsr    1   873 
collidetitsr    0   732 
formationtsr    1   975 
wingletsntsr    1   877 
slipstreamsr    1  1092 
aviatoreamsr    1   758 
sunglassessr    0  1096 
centerlinesr    1  1065 
